<?xml version="1.0" encoding="UTF-8"?>
<!-- Generated by org.testng.reporters.JUnitReportReporter -->
<testsuite skipped="0" hostname="ADFL-1312" name="chain.UpdateIncidentTest" tests="1" failures="0" timestamp="2022-09-04T18:01:08 IST" time="15.322" errors="0">
  <testcase name="sendUpdateRequest" time="15.322" classname="chain.UpdateIncidentTest"/>
  <system-out/>
</testsuite> <!-- chain.UpdateIncidentTest -->
