<?xml version="1.0" encoding="UTF-8"?>
<!-- Generated by org.testng.reporters.JUnitReportReporter -->
<testsuite skipped="0" hostname="ADFL-1312" name="runner.RunTest" tests="5" failures="0" timestamp="2022-09-04T17:58:44 IST" time="23.695" errors="0">
  <testcase name="runScenario" time="3.772" classname="runner.RunTest"/>
  <system-out/>
  <testcase name="runScenario" time="4.054" classname="runner.RunTest"/>
  <system-out/>
  <testcase name="runScenario" time="6.737" classname="runner.RunTest"/>
  <system-out/>
  <testcase name="runScenario" time="4.492" classname="runner.RunTest"/>
  <system-out/>
  <testcase name="runScenario" time="4.640" classname="runner.RunTest"/>
  <system-out/>
</testsuite> <!-- runner.RunTest -->
