<?xml version="1.0" encoding="UTF-8"?>
<!-- Generated by org.testng.reporters.JUnitReportReporter -->
<testsuite skipped="0" hostname="ADFL-1312" name="chain.DeleteIncidentTest" tests="1" failures="0" timestamp="2022-09-04T18:01:08 IST" time="5.536" errors="0">
  <testcase name="sendDeleteRequest" time="5.536" classname="chain.DeleteIncidentTest"/>
  <system-out/>
</testsuite> <!-- chain.DeleteIncidentTest -->
