<?xml version="1.0" encoding="UTF-8"?>
<!-- Generated by org.testng.reporters.JUnitReportReporter -->
<testsuite skipped="0" hostname="ADFL-1312" name="chain.CreateIncidentTest" tests="2" failures="0" timestamp="2022-09-04T18:01:08 IST" time="12.453" errors="0">
  <testcase name="sendPostRequest" time="7.681" classname="chain.CreateIncidentTest"/>
  <system-out/>
  <testcase name="sendPostRequest" time="4.772" classname="chain.CreateIncidentTest"/>
  <system-out/>
</testsuite> <!-- chain.CreateIncidentTest -->
