<?xml version="1.0" encoding="UTF-8"?>
<!-- Generated by org.testng.reporters.JUnitReportReporter -->
<testsuite skipped="0" hostname="ADFL-1312" name="chain.GetIncidentTest" tests="1" failures="0" timestamp="2022-09-04T18:01:08 IST" time="13.351" errors="0">
  <testcase name="sendGetRequest" time="13.351" classname="chain.GetIncidentTest"/>
  <system-out/>
</testsuite> <!-- chain.GetIncidentTest -->
