<?xml version="1.0" encoding="UTF-8"?>
<!-- Generated by org.testng.reporters.JUnitReportReporter -->
<testsuite skipped="0" hostname="ADFL-1312" name="runner.RunTest" tests="5" failures="0" timestamp="04 Sep 2022 12:33:24 GMT" time="22.357" errors="0">
  <testcase name="runScenario" time="3.943" classname="runner.RunTest"/>
  <testcase name="runScenario" time="4.040" classname="runner.RunTest"/>
  <testcase name="runScenario" time="5.840" classname="runner.RunTest"/>
  <testcase name="runScenario" time="3.901" classname="runner.RunTest"/>
  <testcase name="runScenario" time="4.633" classname="runner.RunTest"/>
</testsuite> <!-- runner.RunTest -->
