<?xml version="1.0" encoding="UTF-8"?>
<!-- Generated by org.testng.reporters.JUnitReportReporter -->
<testsuite skipped="0" hostname="ADFL-1312" name="chain.GetIncidentTest" tests="1" failures="0" timestamp="04 Sep 2022 12:33:24 GMT" time="6.789" errors="0">
  <testcase name="sendGetRequest" time="6.789" classname="chain.GetIncidentTest"/>
</testsuite> <!-- chain.GetIncidentTest -->
