<?xml version="1.0" encoding="UTF-8"?>
<!-- Generated by org.testng.reporters.JUnitReportReporter -->
<testsuite skipped="0" hostname="ADFL-1312" name="chain.UpdateIncidentTest" tests="1" failures="0" timestamp="04 Sep 2022 12:33:24 GMT" time="3.896" errors="0">
  <testcase name="sendUpdateRequest" time="3.896" classname="chain.UpdateIncidentTest"/>
</testsuite> <!-- chain.UpdateIncidentTest -->
