<?xml version="1.0" encoding="UTF-8"?>
<!-- Generated by org.testng.reporters.JUnitReportReporter -->
<testsuite skipped="0" hostname="ADFL-1312" name="chain.DeleteIncidentTest" tests="1" failures="0" timestamp="04 Sep 2022 12:33:24 GMT" time="4.207" errors="0">
  <testcase name="sendDeleteRequest" time="4.207" classname="chain.DeleteIncidentTest"/>
</testsuite> <!-- chain.DeleteIncidentTest -->
