<?xml version="1.0" encoding="UTF-8"?>
<!-- Generated by org.testng.reporters.JUnitReportReporter -->
<testsuite skipped="0" hostname="ADFL-1312" name="chain.CreateIncidentTest" tests="2" failures="0" timestamp="04 Sep 2022 12:33:24 GMT" time="10.624" errors="0">
  <testcase name="sendPostRequest" time="4.682" classname="chain.CreateIncidentTest"/>
  <testcase name="sendPostRequest" time="5.942" classname="chain.CreateIncidentTest"/>
</testsuite> <!-- chain.CreateIncidentTest -->
